2023-04-03 03:31:25.406083 - Initialized conversion of CBT894
2023-04-03 03:31:25.683960 - Received CBT.V504.FILE894.PDS from FILE894.XMI 
2023-04-03 03:31:25.686354 - Found $$$#DATE.txt (text/plain) in CBT.V504.FILE894.PDS, moved to PDS/$$$#DATE
2023-04-03 03:31:25.687517 - Found $CONTENT.txt (text/plain) in CBT.V504.FILE894.PDS, moved to PDS/$CONTENT
2023-04-03 03:31:25.688471 - Found $LSTHZFL.txt (text/plain) in CBT.V504.FILE894.PDS, moved to PDS/$LSTHZFL
2023-04-03 03:31:25.690004 - Found @FILE894.txt (text/plain) in CBT.V504.FILE894.PDS, moved to PDS/@FILE894
2023-04-03 03:31:25.691078 - Found BPXEXIST.txt (text/plain) in CBT.V504.FILE894.PDS, moved to PDS/BPXEXIST
2023-04-03 03:31:25.692225 - Found BPXJCL.txt (text/plain) in CBT.V504.FILE894.PDS, moved to PDS/BPXJCL
2023-04-03 03:31:25.693351 - Found BPXJCL@.txt (text/plain) in CBT.V504.FILE894.PDS, moved to PDS/BPXJCL@
2023-04-03 03:31:25.694353 - Found BPXJCL01.rexx (text/plain) in CBT.V504.FILE894.PDS, moved to PDS/BPXJCL01
2023-04-03 03:31:25.695324 - Found BPXJCL02.rexx (text/plain) in CBT.V504.FILE894.PDS, moved to PDS/BPXJCL02
2023-04-03 03:31:25.696476 - Found BPXSPOOL.txt (text/plain) in CBT.V504.FILE894.PDS, moved to PDS/BPXSPOOL
2023-04-03 03:31:25.697413 - Found BPXWGDG.txt (text/plain) in CBT.V504.FILE894.PDS, moved to PDS/BPXWGDG
2023-04-03 03:31:25.698373 - Found BPXWUNIX.txt (text/plain) in CBT.V504.FILE894.PDS, moved to PDS/BPXWUNIX
2023-04-03 03:31:25.699355 - Found EZAZTSAB.txt (text/plain) in CBT.V504.FILE894.PDS, moved to PDS/EZAZTSAB
2023-04-03 03:31:25.700289 - Found EZAZTSEB.txt (text/plain) in CBT.V504.FILE894.PDS, moved to PDS/EZAZTSEB
2023-04-03 03:31:25.701175 - Found FINDSTR.txt (text/plain) in CBT.V504.FILE894.PDS, moved to PDS/FINDSTR
2023-04-03 03:31:25.702118 - Found GETSTAC@.txt (text/plain) in CBT.V504.FILE894.PDS, moved to PDS/GETSTAC@
2023-04-03 03:31:25.703030 - Found GETSTACK.rexx (text/plain) in CBT.V504.FILE894.PDS, moved to PDS/GETSTACK
2023-04-03 03:31:25.704113 - Found MNTCKDOC.txt (text/plain) in CBT.V504.FILE894.PDS, moved to PDS/MNTCKDOC
2023-04-03 03:31:25.705090 - Found MVSREXX.txt (text/plain) in CBT.V504.FILE894.PDS, moved to PDS/MVSREXX
2023-04-03 03:31:25.706056 - Found PDSSPLI@.txt (text/plain) in CBT.V504.FILE894.PDS, moved to PDS/PDSSPLI@
2023-04-03 03:31:25.706998 - Found PDSSPLIJ.jcl (text/plain) in CBT.V504.FILE894.PDS, moved to PDS/PDSSPLIJ
2023-04-03 03:31:25.707978 - Found PDSSPLIT.rexx (text/plain) in CBT.V504.FILE894.PDS, moved to PDS/PDSSPLIT
2023-04-03 03:31:25.708914 - Found QUICKXMI.txt (text/plain) in CBT.V504.FILE894.PDS, moved to PDS/QUICKXMI
2023-04-03 03:31:25.709847 - Found RESTJOB.txt (text/plain) in CBT.V504.FILE894.PDS, moved to PDS/RESTJOB
2023-04-03 03:31:25.710797 - Found REXECX.txt (text/plain) in CBT.V504.FILE894.PDS, moved to PDS/REXECX
2023-04-03 03:31:25.711774 - Found SDSF2ZFS.rexx (text/plain) in CBT.V504.FILE894.PDS, moved to PDS/SDSF2ZFS
2023-04-03 03:31:25.712671 - Found SYMREP.txt (text/plain) in CBT.V504.FILE894.PDS, moved to PDS/SYMREP
2023-04-03 03:31:25.713682 - Found UNIXCMD$.txt (text/plain) in CBT.V504.FILE894.PDS, moved to PDS/UNIXCMD$
2023-04-03 03:31:25.714588 - Found UNIXCMDB.rexx (text/plain) in CBT.V504.FILE894.PDS, moved to PDS/UNIXCMDB
2023-04-03 03:31:25.715500 - Found USSFILM$.txt (text/plain) in CBT.V504.FILE894.PDS, moved to PDS/USSFILM$
2023-04-03 03:31:25.716446 - Found USSFILMT.rexx (text/plain) in CBT.V504.FILE894.PDS, moved to PDS/USSFILMT
2023-04-03 03:31:25.717370 - Found USSGETMT.rexx (text/plain) in CBT.V504.FILE894.PDS, moved to PDS/USSGETMT
